<?xml version="1.0" encoding="UTF-8"?>
<!-- Generated by org.testng.reporters.JUnitXMLReporter -->
<testsuite ignored="0" hostname="Sonali" failures="1" tests="1" name="Test3" time="0.009" errors="0" timestamp="14 Mar 2024 14:27:11 GMT">
  <testcase classname="testNGExecution.Parameterization" name="login" time="0.0">
    <failure type="org.testng.TestNGException" message="
Parameter &amp;apos;broswer&amp;apos; is required by @Test on method login but has not been marked @Optional or defined
in C:\Users\OM\git\SeleniumE1\com.AutomationFramework\parameter.xml">
      <![CDATA[org.testng.TestNGException: 
Parameter 'broswer' is required by @Test on method login but has not been marked @Optional or defined
in C:\Users\OM\git\SeleniumE1\com.AutomationFramework\parameter.xml
... Removed 24 stack frames]]>
    </failure>
  </testcase> <!-- login -->
</testsuite> <!-- Test3 -->
